2023-01-27 09:04:00.485  INFO [boot-otel-tempo-api,,] 8 --- [           main] i.o.example.BootOtelTempoApiApplication  : Starting BootOtelTempoApiApplication v0.0.1-SNAPSHOT using Java 1.8.0_212 on 79ca8f589c37 with PID 8 (/app/bin/boot-otel-tempo-api.jar started by root in /) 
2023-01-27 09:04:00.555 DEBUG [boot-otel-tempo-api,,] 8 --- [           main] i.o.example.BootOtelTempoApiApplication  : Running with Spring Boot v2.4.2, Spring v5.3.3 
2023-01-27 09:04:00.568  INFO [boot-otel-tempo-api,,] 8 --- [           main] i.o.example.BootOtelTempoApiApplication  : No active profile set, falling back to default profiles: default 
2023-01-27 09:04:09.280  INFO [boot-otel-tempo-api,,] 8 --- [           main] o.s.b.w.embedded.tomcat.TomcatWebServer  : Tomcat initialized with port(s): 8080 (http) 
2023-01-27 09:04:09.379  INFO [boot-otel-tempo-api,,] 8 --- [           main] o.apache.catalina.core.StandardService   : Starting service [Tomcat] 
2023-01-27 09:04:09.387  INFO [boot-otel-tempo-api,,] 8 --- [           main] org.apache.catalina.core.StandardEngine  : Starting Servlet engine: [Apache Tomcat/9.0.41] 
2023-01-27 09:04:09.867  INFO [boot-otel-tempo-api,,] 8 --- [           main] o.a.c.c.C.[Tomcat].[localhost].[/]       : Initializing Spring embedded WebApplicationContext 
2023-01-27 09:04:09.869  INFO [boot-otel-tempo-api,,] 8 --- [           main] w.s.c.ServletWebServerApplicationContext : Root WebApplicationContext: initialization completed in 8451 ms 
2023-01-27 09:04:13.103  INFO [boot-otel-tempo-api,,] 8 --- [           main] o.s.s.concurrent.ThreadPoolTaskExecutor  : Initializing ExecutorService 'applicationTaskExecutor' 
2023-01-27 09:04:15.155  INFO [boot-otel-tempo-api,,] 8 --- [           main] o.s.b.a.e.web.EndpointLinksResolver      : Exposing 3 endpoint(s) beneath base path '/actuator' 
2023-01-27 09:04:17.240  INFO [boot-otel-tempo-api,,] 8 --- [           main] o.s.b.w.embedded.tomcat.TomcatWebServer  : Tomcat started on port(s): 8080 (http) with context path '' 
2023-01-27 09:04:17.317  INFO [boot-otel-tempo-api,,] 8 --- [           main] i.o.example.BootOtelTempoApiApplication  : Started BootOtelTempoApiApplication in 21.496 seconds (JVM running for 36.29) 
2023-01-27 09:43:47.539  INFO [boot-otel-tempo-api,,] 8 --- [           main] i.o.example.BootOtelTempoApiApplication  : Starting BootOtelTempoApiApplication v0.0.1-SNAPSHOT using Java 1.8.0_212 on 7ac2a63fb496 with PID 8 (/app/bin/boot-otel-tempo-api.jar started by root in /) 
2023-01-27 09:43:47.548 DEBUG [boot-otel-tempo-api,,] 8 --- [           main] i.o.example.BootOtelTempoApiApplication  : Running with Spring Boot v2.4.2, Spring v5.3.3 
2023-01-27 09:43:47.551  INFO [boot-otel-tempo-api,,] 8 --- [           main] i.o.example.BootOtelTempoApiApplication  : No active profile set, falling back to default profiles: default 
2023-01-27 09:43:52.425  INFO [boot-otel-tempo-api,,] 8 --- [           main] o.s.b.w.embedded.tomcat.TomcatWebServer  : Tomcat initialized with port(s): 8080 (http) 
2023-01-27 09:43:52.529  INFO [boot-otel-tempo-api,,] 8 --- [           main] o.apache.catalina.core.StandardService   : Starting service [Tomcat] 
2023-01-27 09:43:52.530  INFO [boot-otel-tempo-api,,] 8 --- [           main] org.apache.catalina.core.StandardEngine  : Starting Servlet engine: [Apache Tomcat/9.0.41] 
2023-01-27 09:43:52.743  INFO [boot-otel-tempo-api,,] 8 --- [           main] o.a.c.c.C.[Tomcat].[localhost].[/]       : Initializing Spring embedded WebApplicationContext 
2023-01-27 09:43:52.756  INFO [boot-otel-tempo-api,,] 8 --- [           main] w.s.c.ServletWebServerApplicationContext : Root WebApplicationContext: initialization completed in 5088 ms 
2023-01-27 09:43:54.580  INFO [boot-otel-tempo-api,,] 8 --- [           main] o.s.s.concurrent.ThreadPoolTaskExecutor  : Initializing ExecutorService 'applicationTaskExecutor' 
2023-01-27 09:43:55.538  INFO [boot-otel-tempo-api,,] 8 --- [           main] o.s.b.a.e.web.EndpointLinksResolver      : Exposing 3 endpoint(s) beneath base path '/actuator' 
2023-01-27 09:43:55.796  INFO [boot-otel-tempo-api,,] 8 --- [           main] o.s.b.w.embedded.tomcat.TomcatWebServer  : Tomcat started on port(s): 8080 (http) with context path '' 
2023-01-27 09:43:55.876  INFO [boot-otel-tempo-api,,] 8 --- [           main] i.o.example.BootOtelTempoApiApplication  : Started BootOtelTempoApiApplication in 10.198 seconds (JVM running for 28.917) 
2023-01-27 09:43:59.475  INFO [boot-otel-tempo-api,25f81a28271772865c3b670e783ea51c,c7b9d2b8827ad9e4] 8 --- [nio-8080-exec-1] o.a.c.c.C.[Tomcat].[localhost].[/]       : Initializing Spring DispatcherServlet 'dispatcherServlet' 
2023-01-27 09:43:59.484  INFO [boot-otel-tempo-api,25f81a28271772865c3b670e783ea51c,c7b9d2b8827ad9e4] 8 --- [nio-8080-exec-1] o.s.web.servlet.DispatcherServlet        : Initializing Servlet 'dispatcherServlet' 
2023-01-27 09:43:59.509  INFO [boot-otel-tempo-api,25f81a28271772865c3b670e783ea51c,c7b9d2b8827ad9e4] 8 --- [nio-8080-exec-1] o.s.web.servlet.DispatcherServlet        : Completed initialization in 5 ms 
